app/build/outputs/logs/manifest-merger-debug-report.txt
-- Merging decision tree log ---
manifest
ADDED from src\main\AndroidManifest.xml:2:1-113:12
	package
		ADDED from src\main\AndroidManifest.xml:3:11-37
		INJECTED from src\main\AndroidManifest.xml
		INJECTED from src\main\AndroidManifest.xml
	android:versionName
		ADDED from src\main\AndroidManifest.xml:5:11-41
		INJECTED from src\main\AndroidManifest.xml
		INJECTED from src\main\AndroidManifest.xml
	android:versionCode
		ADDED from src\main\AndroidManifest.xml:4:11-34
		INJECTED from src\main\AndroidManifest.xml
		INJECTED from src\main\AndroidManifest.xml
	xmlns:android
		ADDED from src\main\AndroidManifest.xml:2:11-69
uses-sdk
ADDED from src\main\AndroidManifest.xml:7:5-9:44
	android:targetSdkVersion
		ADDED from src\main\AndroidManifest.xml:9:13-42
		INJECTED from src\main\AndroidManifest.xml
		INJECTED from src\main\AndroidManifest.xml
	android:minSdkVersion
		ADDED from src\main\AndroidManifest.xml:8:13-39
		INJECTED from src\main\AndroidManifest.xml
		INJECTED from src\main\AndroidManifest.xml
uses-permission#android.permission.WAKE_LOCK
ADDED from src\main\AndroidManifest.xml:11:5-67
	android:name
		ADDED from src\main\AndroidManifest.xml:11:22-65
uses-permission#android.permission.WRITE_EXTERNAL_STORAGE
ADDED from src\main\AndroidManifest.xml:12:5-80
	android:name
		ADDED from src\main\AndroidManifest.xml:12:22-78
uses-permission#android.permission.RESTART_PACKAGES
ADDED from src\main\AndroidManifest.xml:13:5-74
	android:name
		ADDED from src\main\AndroidManifest.xml:13:22-72
uses-permission#android.permission.INTERNET
ADDED from src\main\AndroidManifest.xml:14:5-66
	android:name
		ADDED from src\main\AndroidManifest.xml:14:22-64
uses-permission#android.permission.ACCESS_NETWORK_STATE
ADDED from src\main\AndroidManifest.xml:15:5-78
	android:name
		ADDED from src\main\AndroidManifest.xml:15:22-76
uses-permission#android.permission.READ_PHONE_STATE
ADDED from src\main\AndroidManifest.xml:16:5-74
	android:name
		ADDED from src\main\AndroidManifest.xml:16:22-72
uses-permission#android.permission.ACCESS_WIFI_STATE
ADDED from src\main\AndroidManifest.xml:17:5-75
	android:name
		ADDED from src\main\AndroidManifest.xml:17:22-73
application
ADDED from src\main\AndroidManifest.xml:19:5-111:19
	android:label
		ADDED from src\main\AndroidManifest.xml:22:13-45
	android:allowBackup
		ADDED from src\main\AndroidManifest.xml:20:13-39
	android:icon
		ADDED from src\main\AndroidManifest.xml:21:13-49
	android:theme
		ADDED from src\main\AndroidManifest.xml:23:13-44
activity#com.axis.activity.MainContentActivity
ADDED from src\main\AndroidManifest.xml:24:9-31:20
	android:screenOrientation
		ADDED from src\main\AndroidManifest.xml:28:17-53
	android:label
		ADDED from src\main\AndroidManifest.xml:26:17-49
	android:launchMode
		ADDED from src\main\AndroidManifest.xml:27:17-48
	android:uiOptions
		ADDED from src\main\AndroidManifest.xml:30:17-61
	android:theme
		ADDED from src\main\AndroidManifest.xml:29:17-76
	android:name
		ADDED from src\main\AndroidManifest.xml:25:17-69
activity#com.axis.activity.PlayerActivity
ADDED from src\main\AndroidManifest.xml:32:9-38:20
	android:screenOrientation
		ADDED from src\main\AndroidManifest.xml:36:17-53
	android:label
		ADDED from src\main\AndroidManifest.xml:34:17-49
	android:launchMode
		ADDED from src\main\AndroidManifest.xml:35:17-47
	android:theme
		ADDED from src\main\AndroidManifest.xml:37:17-76
	android:name
		ADDED from src\main\AndroidManifest.xml:33:17-64
activity#com.axis.activity.MutipleEditActivity
ADDED from src\main\AndroidManifest.xml:39:9-45:20
	android:screenOrientation
		ADDED from src\main\AndroidManifest.xml:43:17-53
	android:label
		ADDED from src\main\AndroidManifest.xml:41:17-49
	android:launchMode
		ADDED from src\main\AndroidManifest.xml:42:17-47
	android:theme
		ADDED from src\main\AndroidManifest.xml:44:17-76
	android:name
		ADDED from src\main\AndroidManifest.xml:40:17-69
activity#com.axis.activity.PlayQueueActivity
ADDED from src\main\AndroidManifest.xml:46:9-52:20
	android:screenOrientation
		ADDED from src\main\AndroidManifest.xml:50:17-53
	android:label
		ADDED from src\main\AndroidManifest.xml:48:17-49
	android:launchMode
		ADDED from src\main\AndroidManifest.xml:49:17-47
	android:theme
		ADDED from src\main\AndroidManifest.xml:51:17-83
	android:name
		ADDED from src\main\AndroidManifest.xml:47:17-67
activity#com.axis.activity.MyPreferenceActivity
ADDED from src\main\AndroidManifest.xml:53:9-59:20
	android:screenOrientation
		ADDED from src\main\AndroidManifest.xml:57:17-53
	android:label
		ADDED from src\main\AndroidManifest.xml:55:17-49
	android:launchMode
		ADDED from src\main\AndroidManifest.xml:56:17-47
	android:theme
		ADDED from src\main\AndroidManifest.xml:58:17-76
	android:name
		ADDED from src\main\AndroidManifest.xml:54:17-70
activity#com.axis.activity.FolderChooseActivity
ADDED from src\main\AndroidManifest.xml:60:9-66:20
	android:screenOrientation
		ADDED from src\main\AndroidManifest.xml:64:17-53
	android:label
		ADDED from src\main\AndroidManifest.xml:62:17-49
	android:launchMode
		ADDED from src\main\AndroidManifest.xml:63:17-47
	android:theme
		ADDED from src\main\AndroidManifest.xml:65:17-76
	android:name
		ADDED from src\main\AndroidManifest.xml:61:17-70
activity#com.axis.activity.FeedbackActivity
ADDED from src\main\AndroidManifest.xml:67:9-73:20
	android:screenOrientation
		ADDED from src\main\AndroidManifest.xml:71:17-53
	android:label
		ADDED from src\main\AndroidManifest.xml:69:17-49
	android:launchMode
		ADDED from src\main\AndroidManifest.xml:70:17-47
	android:theme
		ADDED from src\main\AndroidManifest.xml:72:17-76
	android:name
		ADDED from src\main\AndroidManifest.xml:68:17-66
activity#com.axis.activity.SplashActivity
ADDED from src\main\AndroidManifest.xml:74:9-85:20
	android:screenOrientation
		ADDED from src\main\AndroidManifest.xml:78:17-53
	android:label
		ADDED from src\main\AndroidManifest.xml:76:17-49
	android:launchMode
		ADDED from src\main\AndroidManifest.xml:77:17-47
	android:theme
		ADDED from src\main\AndroidManifest.xml:79:17-76
	android:name
		ADDED from src\main\AndroidManifest.xml:75:17-64
intent-filter#android.intent.action.MAIN+android.intent.category.LAUNCHER
ADDED from src\main\AndroidManifest.xml:80:13-84:29
action#android.intent.action.MAIN
ADDED from src\main\AndroidManifest.xml:81:17-68
	android:name
		ADDED from src\main\AndroidManifest.xml:81:25-66
category#android.intent.category.LAUNCHER
ADDED from src\main\AndroidManifest.xml:83:17-76
	android:name
		ADDED from src\main\AndroidManifest.xml:83:27-74
service#com.axis.service.MusicService
ADDED from src\main\AndroidManifest.xml:87:9-97:19
	android:exported
		ADDED from src\main\AndroidManifest.xml:89:17-41
	android:name
		ADDED from src\main\AndroidManifest.xml:88:17-61
intent-filter#com.lq.musicplayer.action.NEXT+com.lq.musicplayer.action.PAUSE+com.lq.musicplayer.action.PLAY+com.lq.musicplayer.action.PREVIOUS+com.lq.musicplayer.action.STOP
ADDED from src\main\AndroidManifest.xml:90:13-96:29
action#com.lq.musicplayer.action.PLAY
ADDED from src\main\AndroidManifest.xml:91:17-72
	android:name
		ADDED from src\main\AndroidManifest.xml:91:25-70
action#com.lq.musicplayer.action.PAUSE
ADDED from src\main\AndroidManifest.xml:92:17-73
	android:name
		ADDED from src\main\AndroidManifest.xml:92:25-71
action#com.lq.musicplayer.action.STOP
ADDED from src\main\AndroidManifest.xml:93:17-72
	android:name
		ADDED from src\main\AndroidManifest.xml:93:25-70
action#com.lq.musicplayer.action.PREVIOUS
ADDED from src\main\AndroidManifest.xml:94:17-76
	android:name
		ADDED from src\main\AndroidManifest.xml:94:25-74
action#com.lq.musicplayer.action.NEXT
ADDED from src\main\AndroidManifest.xml:95:17-72
	android:name
		ADDED from src\main\AndroidManifest.xml:95:25-70
receiver#com.axis.receiver.MediaButtonReceiver
ADDED from src\main\AndroidManifest.xml:99:9-103:20
	android:name
		ADDED from src\main\AndroidManifest.xml:99:19-71
intent-filter#android.intent.action.MEDIA_BUTTON
ADDED from src\main\AndroidManifest.xml:100:13-102:29
action#android.intent.action.MEDIA_BUTTON
ADDED from src\main\AndroidManifest.xml:101:17-76
	android:name
		ADDED from src\main\AndroidManifest.xml:101:25-74
receiver#com.axis.receiver.AudioBecomingNoisyReceiver
ADDED from src\main\AndroidManifest.xml:104:9-108:20
	android:name
		ADDED from src\main\AndroidManifest.xml:104:19-78
intent-filter#android.media.AUDIO_BECOMING_NOISY
ADDED from src\main\AndroidManifest.xml:105:13-107:29
action#android.media.AUDIO_BECOMING_NOISY
ADDED from src\main\AndroidManifest.xml:106:17-76
	android:name
		ADDED from src\main\AndroidManifest.xml:106:25-74
meta-data#UMENG_APPKEY
ADDED from src\main\AndroidManifest.xml:109:9-101
	android:value
		ADDED from src\main\AndroidManifest.xml:109:20-60
	android:name
		ADDED from src\main\AndroidManifest.xml:109:61-88
meta-data#UMENG_CHANNEL
ADDED from src\main\AndroidManifest.xml:110:9-75
	android:value
		ADDED from src\main\AndroidManifest.xml:110:20-44
	android:name
		ADDED from src\main\AndroidManifest.xml:110:45-73